android/app/build/intermediates/manifest_merge_blame_file/debug/manifest-merger-blame-debug-report.txt
1<?xml version="1.0" encoding="utf-8"?>
2<manifest xmlns:android="http://schemas.android.com/apk/res/android"
3    package="com.nastecsol.nashr"
4    android:versionCode="1"
5    android:versionName="1.0.0" >
6
7    <uses-sdk
8        android:minSdkVersion="23"
9        android:targetSdkVersion="34" />
10    <!--
11         The INTERNET permission is required for development. Specifically,
12         the Flutter tool needs it to communicate with the running application
13         to allow setting breakpoints, to provide hot reload, etc.
14    -->
15    <uses-permission android:name="android.permission.INTERNET" />
15-->src\main\AndroidManifest.xml:3:5-66
15-->src\main\AndroidManifest.xml:3:22-64
16    <!-- Permission to use biometrics (fingerprint, face recognition, etc.) -->
17    <uses-permission android:name="android.permission.USE_BIOMETRIC" />
17-->src\main\AndroidManifest.xml:4:5-71
17-->src\main\AndroidManifest.xml:4:22-69
18    <uses-permission android:name="android.permission.ACCESS_FINE_LOCATION" />
18-->src\main\AndroidManifest.xml:5:5-78
18-->src\main\AndroidManifest.xml:5:22-76
19    <uses-permission android:name="android.permission.ACCESS_COARSE_LOCATION" />
19-->src\main\AndroidManifest.xml:6:5-80
19-->src\main\AndroidManifest.xml:6:22-78
20
21    <!--
22     Required to query activities that can process text, see:
23         https://developer.android.com/training/package-visibility and
24         https://developer.android.com/reference/android/content/Intent#ACTION_PROCESS_TEXT.
25
26         In particular, this is used by the Flutter engine in io.flutter.plugin.text.ProcessTextPlugin.
27    -->
28    <queries>
28-->src\main\AndroidManifest.xml:43:5-48:15
29        <intent>
29-->src\main\AndroidManifest.xml:44:9-47:18
30            <action android:name="android.intent.action.PROCESS_TEXT" />
30-->src\main\AndroidManifest.xml:45:13-72
30-->src\main\AndroidManifest.xml:45:21-70
31
32            <data android:mimeType="text/plain" />
32-->src\main\AndroidManifest.xml:46:13-50
32-->src\main\AndroidManifest.xml:46:19-48
33        </intent>
34        <intent>
34-->[:file_picker] AndroidManifest.xml:14:9-18:18
35            <action android:name="android.intent.action.GET_CONTENT" />
35-->[:file_picker] AndroidManifest.xml:15:13-72
35-->[:file_picker] AndroidManifest.xml:15:21-69
36
37            <data android:mimeType="*/*" />
37-->src\main\AndroidManifest.xml:46:13-50
37-->src\main\AndroidManifest.xml:46:19-48
38        </intent> <!-- Needs to be explicitly declared on Android R+ -->
39        <package android:name="com.google.android.apps.maps" />
39-->[com.google.android.gms:play-services-maps:18.2.0] AndroidManifest.xml:33:9-64
39-->[com.google.android.gms:play-services-maps:18.2.0] AndroidManifest.xml:33:18-61
40    </queries>
41
42    <uses-permission
42-->[:file_picker] AndroidManifest.xml:9:5-11:38
43        android:name="android.permission.READ_EXTERNAL_STORAGE"
43-->[:file_picker] AndroidManifest.xml:10:9-64
44        android:maxSdkVersion="32" /> <!-- suppress DeprecatedClassUsageInspection -->
44-->[:file_picker] AndroidManifest.xml:11:9-35
45    <uses-permission android:name="android.permission.USE_FINGERPRINT" /> <!-- Include required permissions for Google Maps API to run. -->
45-->[androidx.biometric:biometric:1.1.0] AndroidManifest.xml:27:5-74
45-->[androidx.biometric:biometric:1.1.0] AndroidManifest.xml:27:22-71
46    <uses-permission android:name="android.permission.ACCESS_NETWORK_STATE" />
46-->[com.google.android.gms:play-services-maps:18.2.0] AndroidManifest.xml:23:5-79
46-->[com.google.android.gms:play-services-maps:18.2.0] AndroidManifest.xml:23:22-76
47
48    <uses-feature
48-->[com.mapbox.maps:android-core:11.7.0] AndroidManifest.xml:10:5-12:35
49        android:glEsVersion="0x00030000"
49-->[com.mapbox.maps:android-core:11.7.0] AndroidManifest.xml:11:9-41
50        android:required="true" />
50-->[com.mapbox.maps:android-core:11.7.0] AndroidManifest.xml:12:9-32
51    <uses-feature
51-->[com.mapbox.maps:android-core:11.7.0] AndroidManifest.xml:13:5-15:36
52        android:name="android.hardware.wifi"
52-->[com.mapbox.maps:android-core:11.7.0] AndroidManifest.xml:14:9-45
53        android:required="false" />
53-->[com.mapbox.maps:android-core:11.7.0] AndroidManifest.xml:15:9-33
54
55    <uses-permission android:name="android.permission.ACCESS_WIFI_STATE" />
55-->[com.mapbox.maps:android-core:11.7.0] AndroidManifest.xml:19:5-76
55-->[com.mapbox.maps:android-core:11.7.0] AndroidManifest.xml:19:22-73
56
57    <permission
57-->[androidx.core:core:1.13.1] AndroidManifest.xml:22:5-24:47
58        android:name="com.nastecsol.nashr.DYNAMIC_RECEIVER_NOT_EXPORTED_PERMISSION"
58-->[androidx.core:core:1.13.1] AndroidManifest.xml:23:9-81
59        android:protectionLevel="signature" />
59-->[androidx.core:core:1.13.1] AndroidManifest.xml:24:9-44
60
61    <uses-permission android:name="com.nastecsol.nashr.DYNAMIC_RECEIVER_NOT_EXPORTED_PERMISSION" />
61-->[androidx.core:core:1.13.1] AndroidManifest.xml:26:5-97
61-->[androidx.core:core:1.13.1] AndroidManifest.xml:26:22-94
62
63    <application
64        android:name="android.app.Application"
65        android:appComponentFactory="androidx.core.app.CoreComponentFactory"
65-->[androidx.core:core:1.13.1] AndroidManifest.xml:28:18-86
66        android:debuggable="true"
67        android:extractNativeLibs="false"
68        android:icon="@mipmap/ic_launcher"
69        android:label="nashr" >
70        <activity
71            android:name="com.nastecsol.nashr.MainActivity"
72            android:configChanges="orientation|keyboardHidden|keyboard|screenSize|smallestScreenSize|locale|layoutDirection|fontScale|screenLayout|density|uiMode"
73            android:exported="true"
74            android:hardwareAccelerated="true"
75            android:launchMode="singleTop"
76            android:taskAffinity=""
77            android:theme="@style/LaunchTheme"
78            android:windowSoftInputMode="adjustResize" >
79
80            <!--
81                 Specifies an Android theme to apply to this Activity as soon as
82                 the Android process has started. This theme is visible to the user
83                 while the Flutter UI initializes. After that, this theme continues
84                 to determine the Window background behind the Flutter UI.
85            -->
86            <meta-data
87                android:name="io.flutter.embedding.android.NormalTheme"
88                android:resource="@style/NormalTheme" />
89
90            <intent-filter>
91                <action android:name="android.intent.action.MAIN" />
92
93                <category android:name="android.intent.category.LAUNCHER" />
94            </intent-filter>
95        </activity>
96        <!--
97             Don't delete the meta-data below.
98             This is used by the Flutter tool to generate GeneratedPluginRegistrant.java
99        -->
100        <meta-data
101            android:name="flutterEmbedding"
102            android:value="2" />
103
104        <service
104-->[:location] AndroidManifest.xml:13:9-17:56
105            android:name="com.lyokone.location.FlutterLocationService"
105-->[:location] AndroidManifest.xml:14:13-71
106            android:enabled="true"
106-->[:location] AndroidManifest.xml:15:13-35
107            android:exported="false"
107-->[:location] AndroidManifest.xml:16:13-37
108            android:foregroundServiceType="location" />
108-->[:location] AndroidManifest.xml:17:13-53
109        <!--
110           Declares a provider which allows us to store files to share in
111           '.../caches/share_plus' and grant the receiving action access
112        -->
113        <provider
113-->[:share_plus] AndroidManifest.xml:15:9-23:20
114            android:name="dev.fluttercommunity.plus.share.ShareFileProvider"
114-->[:share_plus] AndroidManifest.xml:16:13-77
115            android:authorities="com.nastecsol.nashr.flutter.share_provider"
115-->[:share_plus] AndroidManifest.xml:17:13-74
116            android:exported="false"
116-->[:share_plus] AndroidManifest.xml:18:13-37
117            android:grantUriPermissions="true" >
117-->[:share_plus] AndroidManifest.xml:19:13-47
118            <meta-data
118-->[:share_plus] AndroidManifest.xml:20:13-22:68
119                android:name="android.support.FILE_PROVIDER_PATHS"
119-->[:share_plus] AndroidManifest.xml:21:17-67
120                android:resource="@xml/flutter_share_file_paths" />
120-->[:share_plus] AndroidManifest.xml:22:17-65
121        </provider>
122        <!--
123           This manifest declared broadcast receiver allows us to use an explicit
124           Intent when creating a PendingItent to be informed of the user's choice
125        -->
126        <receiver
126-->[:share_plus] AndroidManifest.xml:28:9-34:20
127            android:name="dev.fluttercommunity.plus.share.SharePlusPendingIntent"
127-->[:share_plus] AndroidManifest.xml:29:13-82
128            android:exported="false" >
128-->[:share_plus] AndroidManifest.xml:30:13-37
129            <intent-filter>
129-->[:share_plus] AndroidManifest.xml:31:13-33:29
130                <action android:name="EXTRA_CHOSEN_COMPONENT" />
130-->[:share_plus] AndroidManifest.xml:32:17-65
130-->[:share_plus] AndroidManifest.xml:32:25-62
131            </intent-filter>
132        </receiver> <!-- Needs to be explicitly declared on P+ -->
133        <uses-library
133-->[com.google.android.gms:play-services-maps:18.2.0] AndroidManifest.xml:39:9-41:40
134            android:name="org.apache.http.legacy"
134-->[com.google.android.gms:play-services-maps:18.2.0] AndroidManifest.xml:40:13-50
135            android:required="false" />
135-->[com.google.android.gms:play-services-maps:18.2.0] AndroidManifest.xml:41:13-37
136
137        <activity
137-->[com.google.android.gms:play-services-base:18.3.0] AndroidManifest.xml:20:9-22:45
138            android:name="com.google.android.gms.common.api.GoogleApiActivity"
138-->[com.google.android.gms:play-services-base:18.3.0] AndroidManifest.xml:20:19-85
139            android:exported="false"
139-->[com.google.android.gms:play-services-base:18.3.0] AndroidManifest.xml:22:19-43
140            android:theme="@android:style/Theme.Translucent.NoTitleBar" />
140-->[com.google.android.gms:play-services-base:18.3.0] AndroidManifest.xml:21:19-78
141
142        <meta-data
142-->[com.google.android.gms:play-services-basement:18.3.0] AndroidManifest.xml:21:9-23:69
143            android:name="com.google.android.gms.version"
143-->[com.google.android.gms:play-services-basement:18.3.0] AndroidManifest.xml:22:13-58
144            android:value="@integer/google_play_services_version" />
144-->[com.google.android.gms:play-services-basement:18.3.0] AndroidManifest.xml:23:13-66
145
146        <provider
146-->[androidx.emoji2:emoji2:1.2.0] AndroidManifest.xml:24:9-32:20
147            android:name="androidx.startup.InitializationProvider"
147-->[androidx.emoji2:emoji2:1.2.0] AndroidManifest.xml:25:13-67
148            android:authorities="com.nastecsol.nashr.androidx-startup"
148-->[androidx.emoji2:emoji2:1.2.0] AndroidManifest.xml:26:13-68
149            android:exported="false" >
149-->[androidx.emoji2:emoji2:1.2.0] AndroidManifest.xml:27:13-37
150            <meta-data
150-->[androidx.emoji2:emoji2:1.2.0] AndroidManifest.xml:29:13-31:52
151                android:name="androidx.emoji2.text.EmojiCompatInitializer"
151-->[androidx.emoji2:emoji2:1.2.0] AndroidManifest.xml:30:17-75
152                android:value="androidx.startup" />
152-->[androidx.emoji2:emoji2:1.2.0] AndroidManifest.xml:31:17-49
153            <meta-data
153-->[androidx.lifecycle:lifecycle-process:2.7.0] AndroidManifest.xml:29:13-31:52
154                android:name="androidx.lifecycle.ProcessLifecycleInitializer"
154-->[androidx.lifecycle:lifecycle-process:2.7.0] AndroidManifest.xml:30:17-78
155                android:value="androidx.startup" />
155-->[androidx.lifecycle:lifecycle-process:2.7.0] AndroidManifest.xml:31:17-49
156            <meta-data
156-->[com.mapbox.maps:android-core:11.7.0] AndroidManifest.xml:29:13-31:52
157                android:name="com.mapbox.maps.loader.MapboxMapsInitializer"
157-->[com.mapbox.maps:android-core:11.7.0] AndroidManifest.xml:30:17-76
158                android:value="androidx.startup" /> <!-- This entry makes MapboxSDKCommonInitializer discoverable. -->
158-->[com.mapbox.maps:android-core:11.7.0] AndroidManifest.xml:31:17-49
159            <meta-data
159-->[com.mapbox.common:common:24.7.0] AndroidManifest.xml:19:13-21:52
160                android:name="com.mapbox.common.MapboxSDKCommonInitializer"
160-->[com.mapbox.common:common:24.7.0] AndroidManifest.xml:20:17-76
161                android:value="androidx.startup" />
161-->[com.mapbox.common:common:24.7.0] AndroidManifest.xml:21:17-49
162            <meta-data
162-->[androidx.profileinstaller:profileinstaller:1.3.1] AndroidManifest.xml:29:13-31:52
163                android:name="androidx.profileinstaller.ProfileInstallerInitializer"
163-->[androidx.profileinstaller:profileinstaller:1.3.1] AndroidManifest.xml:30:17-85
164                android:value="androidx.startup" />
164-->[androidx.profileinstaller:profileinstaller:1.3.1] AndroidManifest.xml:31:17-49
165        </provider>
166
167        <uses-library
167-->[androidx.window:window:1.2.0] AndroidManifest.xml:23:9-25:40
168            android:name="androidx.window.extensions"
168-->[androidx.window:window:1.2.0] AndroidManifest.xml:24:13-54
169            android:required="false" />
169-->[androidx.window:window:1.2.0] AndroidManifest.xml:25:13-37
170        <uses-library
170-->[androidx.window:window:1.2.0] AndroidManifest.xml:26:9-28:40
171            android:name="androidx.window.sidecar"
171-->[androidx.window:window:1.2.0] AndroidManifest.xml:27:13-51
172            android:required="false" />
172-->[androidx.window:window:1.2.0] AndroidManifest.xml:28:13-37
173
174        <profileable android:shell="true" />
174-->[com.mapbox.maps:android-core:11.7.0] AndroidManifest.xml:22:9-45
174-->[com.mapbox.maps:android-core:11.7.0] AndroidManifest.xml:22:22-42
175
176        <receiver
176-->[com.mapbox.common:common:24.7.0] AndroidManifest.xml:24:9-31:20
177            android:name="com.mapbox.common.location.LocationUpdatesReceiver"
177-->[com.mapbox.common:common:24.7.0] AndroidManifest.xml:25:13-78
178            android:enabled="true"
178-->[com.mapbox.common:common:24.7.0] AndroidManifest.xml:26:13-35
179            android:exported="false" >
179-->[com.mapbox.common:common:24.7.0] AndroidManifest.xml:27:13-37
180            <intent-filter>
180-->[com.mapbox.common:common:24.7.0] AndroidManifest.xml:28:13-30:29
181                <action android:name="com.mapbox.common.location.LocationUpdatesReceiver.ACTION_PROCESS_LOCATION_UPDATES" />
181-->[com.mapbox.common:common:24.7.0] AndroidManifest.xml:29:17-125
181-->[com.mapbox.common:common:24.7.0] AndroidManifest.xml:29:25-122
182            </intent-filter>
183        </receiver>
184
185        <service
185-->[com.mapbox.common:common:24.7.0] AndroidManifest.xml:33:9-35:40
186            android:name="com.mapbox.common.LifecycleService"
186-->[com.mapbox.common:common:24.7.0] AndroidManifest.xml:34:13-62
187            android:exported="false" />
187-->[com.mapbox.common:common:24.7.0] AndroidManifest.xml:35:13-37
188
189        <receiver
189-->[androidx.profileinstaller:profileinstaller:1.3.1] AndroidManifest.xml:34:9-52:20
190            android:name="androidx.profileinstaller.ProfileInstallReceiver"
190-->[androidx.profileinstaller:profileinstaller:1.3.1] AndroidManifest.xml:35:13-76
191            android:directBootAware="false"
191-->[androidx.profileinstaller:profileinstaller:1.3.1] AndroidManifest.xml:36:13-44
192            android:enabled="true"
192-->[androidx.profileinstaller:profileinstaller:1.3.1] AndroidManifest.xml:37:13-35
193            android:exported="true"
193-->[androidx.profileinstaller:profileinstaller:1.3.1] AndroidManifest.xml:38:13-36
194            android:permission="android.permission.DUMP" >
194-->[androidx.profileinstaller:profileinstaller:1.3.1] AndroidManifest.xml:39:13-57
195            <intent-filter>
195-->[androidx.profileinstaller:profileinstaller:1.3.1] AndroidManifest.xml:40:13-42:29
196                <action android:name="androidx.profileinstaller.action.INSTALL_PROFILE" />
196-->[androidx.profileinstaller:profileinstaller:1.3.1] AndroidManifest.xml:41:17-91
196-->[androidx.profileinstaller:profileinstaller:1.3.1] AndroidManifest.xml:41:25-88
197            </intent-filter>
198            <intent-filter>
198-->[androidx.profileinstaller:profileinstaller:1.3.1] AndroidManifest.xml:43:13-45:29
199                <action android:name="androidx.profileinstaller.action.SKIP_FILE" />
199-->[androidx.profileinstaller:profileinstaller:1.3.1] AndroidManifest.xml:44:17-85
199-->[androidx.profileinstaller:profileinstaller:1.3.1] AndroidManifest.xml:44:25-82
200            </intent-filter>
201            <intent-filter>
201-->[androidx.profileinstaller:profileinstaller:1.3.1] AndroidManifest.xml:46:13-48:29
202                <action android:name="androidx.profileinstaller.action.SAVE_PROFILE" />
202-->[androidx.profileinstaller:profileinstaller:1.3.1] AndroidManifest.xml:47:17-88
202-->[androidx.profileinstaller:profileinstaller:1.3.1] AndroidManifest.xml:47:25-85
203            </intent-filter>
204            <intent-filter>
204-->[androidx.profileinstaller:profileinstaller:1.3.1] AndroidManifest.xml:49:13-51:29
205                <action android:name="androidx.profileinstaller.action.BENCHMARK_OPERATION" />
205-->[androidx.profileinstaller:profileinstaller:1.3.1] AndroidManifest.xml:50:17-95
205-->[androidx.profileinstaller:profileinstaller:1.3.1] AndroidManifest.xml:50:25-92
206            </intent-filter>
207        </receiver>
208    </application>
209
210</manifest>